2025-05-23 23:01:38,495-INFO-This is pre test fixture...
2025-05-23 23:01:38,496-INFO-mysql connection is being established...
2025-05-23 23:01:38,627-INFO-mysql connection has been established...
2025-05-23 23:01:38,627-INFO-Postgres connection is being established...
2025-05-23 23:01:38,817-INFO-Postgres connection has been established...
2025-05-23 23:01:38,818-INFO-Test cases execution for sales_data extraction from source started ....
2025-05-23 23:01:38,915-INFO-Test cases execution for sales_data extraction from source completed ....
2025-05-23 23:01:38,916-INFO-Postgres connection has been closed..
2025-05-23 23:01:38,917-INFO-mysql connection has been closed..
2025-05-23 23:01:38,917-INFO-This is post test fixture...
2025-05-23 23:01:38,920-INFO-This is pre test fixture...
2025-05-23 23:01:38,920-INFO-mysql connection is being established...
2025-05-23 23:01:38,930-INFO-mysql connection has been established...
2025-05-23 23:01:38,930-INFO-Postgres connection is being established...
2025-05-23 23:01:39,099-INFO-Postgres connection has been established...
2025-05-23 23:01:39,100-INFO-Test cases execution for product_data extraction from source started ....
2025-05-23 23:01:39,117-INFO-Test cases execution for product_data extraction from source completed ....
2025-05-23 23:01:39,118-INFO-Postgres connection has been closed..
2025-05-23 23:01:39,119-INFO-mysql connection has been closed..
2025-05-23 23:01:39,119-INFO-This is post test fixture...
2025-05-23 23:01:39,120-INFO-This is pre test fixture...
2025-05-23 23:01:39,120-INFO-mysql connection is being established...
2025-05-23 23:01:39,127-INFO-mysql connection has been established...
2025-05-23 23:01:39,127-INFO-Postgres connection is being established...
2025-05-23 23:01:39,281-INFO-Postgres connection has been established...
2025-05-23 23:01:39,281-INFO-Test cases execution for inventory_data extraction from source started ....
2025-05-23 23:01:39,282-ERROR-data extraction from sales did not happen correctly lxml not found, please install or use the etree parser.
2025-05-23 23:01:39,282-INFO-Test cases execution for inventory_data extraction from source completed ....
2025-05-23 23:01:39,283-INFO-Postgres connection has been closed..
2025-05-23 23:01:39,283-INFO-mysql connection has been closed..
2025-05-23 23:01:39,284-INFO-This is post test fixture...
2025-05-23 23:01:39,285-INFO-This is pre test fixture...
2025-05-23 23:01:39,285-INFO-mysql connection is being established...
2025-05-23 23:01:39,317-INFO-mysql connection has been established...
2025-05-23 23:01:39,317-INFO-Postgres connection is being established...
2025-05-23 23:01:39,471-INFO-Postgres connection has been established...
2025-05-23 23:01:39,471-INFO-Test cases execution for supplier_data extraction from source started ....
2025-05-23 23:01:39,487-INFO-Postgres connection has been closed..
2025-05-23 23:01:39,488-INFO-mysql connection has been closed..
2025-05-23 23:01:39,488-INFO-This is post test fixture...
2025-05-23 23:01:39,490-INFO-This is pre test fixture...
2025-05-23 23:01:39,491-INFO-mysql connection is being established...
2025-05-23 23:01:39,499-INFO-mysql connection has been established...
2025-05-23 23:01:39,499-INFO-Postgres connection is being established...
2025-05-23 23:01:39,650-INFO-Postgres connection has been established...
2025-05-23 23:01:39,650-INFO-Test cases execution for stores_data extraction from source started ....
2025-05-23 23:01:39,666-INFO-The expected data is :  store_id    store_name
0      1.0       Walmart
1      2.0        Target
2      3.0      Best Buy
3      4.0        Costco
4      5.0    Home Depot
5      6.0        Lowe's
6      7.0   Apple Store
7      8.0          IKEA
8      9.0     Walgreens
9     10.0  CVS Pharmacy
2025-05-23 23:01:39,682-INFO-The actual data is:   store_id    store_name
0      1.0       Walmart
1      2.0        Target
2      3.0      Best Buy
3      4.0        Costco
4      5.0    Home Depot
5      6.0        Lowe's
6      7.0   Apple Store
7      8.0          IKEA
8      9.0     Walgreens
9     10.0  CVS Pharmacy
2025-05-23 23:01:39,683-INFO-Postgres connection has been closed..
2025-05-23 23:01:39,684-INFO-mysql connection has been closed..
2025-05-23 23:01:39,684-INFO-This is post test fixture...
2025-05-23 23:01:39,685-INFO-mysql connection is being established...
2025-05-23 23:01:39,702-INFO-mysql connection has been established...
2025-05-23 23:01:39,702-INFO-Test cases execution for fact_sales data load has started ....
2025-05-23 23:01:39,724-INFO-The expected data is :   sales_id product_id store_id quantity sales_amount   sale_date
0        10        110      4.0        9        153.0  2024-09-10
1        11        101      4.0       15        210.0  2024-09-11
2        12        102      5.0        9        243.0  2024-09-12
3        13        103      6.0       10        220.0  2024-09-13
4        14        104      7.0        8        248.0  2024-09-14
5        15        105      4.0       12        132.0  2024-09-15
6        16        106      5.0        5        115.0  2024-09-16
7        17        107      6.0        3         78.0  2024-09-17
8        18        108      7.0        6        168.0  2024-09-18
9        19        109      8.0       11        220.0  2024-09-19
10       20        110      9.0        9        175.5  2024-09-20
11       21        101      1.0       14        217.0  2024-09-21
12       22        102      2.0        8        176.0  2024-09-22
13       23        103      3.0        7        126.0  2024-09-23
14       24        104      4.0        6        150.0  2024-09-24
15       25        105      2.0       12        162.0  2024-09-25
16       26        106      3.0        5        105.0  2024-09-26
17       27        107      1.0       10        190.0  2024-09-27
18       28        108      5.0        6        162.0  2024-09-28
19       29        109      6.0        9        216.0  2024-09-29
20       30        110      7.0        7        164.5  2024-09-30
21       31        101      4.0       13        188.5  2024-10-01
22       32        102      5.0        6        174.0  2024-10-02
23       33        103      6.0        8        168.0  2024-10-03
24       34        104      7.0        5        150.0  2024-10-04
25       35        105      4.0        7        105.0  2024-10-05
26       36        106      5.0        3         75.0  2024-10-06
27       37        107      6.0       12        216.0  2024-10-07
28       38        108      7.0        9        180.0  2024-10-08
29       39        109      8.0       10        220.0  2024-10-09
30       40        110      9.0        6        156.0  2024-10-10
31       41        101      3.0        5         75.0  2024-10-11
32       42        102      4.0        4         80.0  2024-10-12
33       43        103      5.0        9        171.0  2024-10-13
34       44        104      6.0        7        196.0  2024-10-14
35       45        105      7.0       10        250.0  2024-10-15
36       46        106      8.0        8        180.0  2024-10-16
37       47        107      9.0        6        144.0  2024-10-17
38       48        108      1.0        3         81.0  2024-10-18
39       49        109      2.0       11        203.5  2024-10-19
40       50        110      3.0       12        252.0  2024-10-20
41       60        110      4.0        9        153.0  2024-09-10
2025-05-23 23:01:39,736-INFO-The actual data is:    sales_id product_id store_id quantity total_sales   sale_date
0        10        110        4        9       153.0  2024-09-10
1        11        101        4       15       210.0  2024-09-11
2        12        102        5        9       243.0  2024-09-12
3        13        103        6       10       220.0  2024-09-13
4        14        104        7        8       248.0  2024-09-14
5        15        105        4       12       132.0  2024-09-15
6        16        106        5        5       115.0  2024-09-16
7        17        107        6        3        78.0  2024-09-17
8        18        108        7        6       168.0  2024-09-18
9        19        109        8       11       220.0  2024-09-19
10       20        110        9        9       175.5  2024-09-20
11       21        101        1       14       217.0  2024-09-21
12       22        102        2        8       176.0  2024-09-22
13       23        103        3        7       126.0  2024-09-23
14       24        104        4        6       150.0  2024-09-24
15       25        105        2       12       162.0  2024-09-25
16       26        106        3        5       105.0  2024-09-26
17       27        107        1       10       190.0  2024-09-27
18       28        108        5        6       162.0  2024-09-28
19       29        109        6        9       216.0  2024-09-29
20       30        110        7        7       164.5  2024-09-30
21       31        101        4       13       188.5  2024-10-01
22       32        102        5        6       174.0  2024-10-02
23       33        103        6        8       168.0  2024-10-03
24       34        104        7        5       150.0  2024-10-04
25       35        105        4        7       105.0  2024-10-05
26       36        106        5        3        75.0  2024-10-06
27       37        107        6       12       216.0  2024-10-07
28       38        108        7        9       180.0  2024-10-08
29       39        109        8       10       220.0  2024-10-09
30       40        110        9        6       156.0  2024-10-10
31       41        101        3        5        75.0  2024-10-11
32       42        102        4        4        80.0  2024-10-12
33       43        103        5        9       171.0  2024-10-13
34       44        104        6        7       196.0  2024-10-14
35       45        105        7       10       250.0  2024-10-15
36       46        106        8        8       180.0  2024-10-16
37       47        107        9        6       144.0  2024-10-17
38       48        108        1        3        81.0  2024-10-18
39       49        109        2       11       203.5  2024-10-19
40       50        110        3       12       252.0  2024-10-20
41       60        110        4        9       153.0  2024-09-10
2025-05-23 23:01:39,737-ERROR-data does not match between expected and actualdata does not match between expected and actual
2025-05-23 23:01:39,908-INFO-mysql connection has been closed..
2025-05-23 23:01:39,912-INFO-mysql connection is being established...
2025-05-23 23:01:39,917-INFO-mysql connection has been established...
2025-05-23 23:01:39,917-INFO-Test cases execution for sales_summary data load has started ....
2025-05-23 23:01:39,926-INFO-The expected data is :   product_id month  year total_sales
0         110     9  2024       646.0
1         101     9  2024       427.0
2         102     9  2024       419.0
3         103     9  2024       346.0
4         104     9  2024       398.0
5         105     9  2024       294.0
6         106     9  2024       220.0
7         107     9  2024       268.0
8         108     9  2024       330.0
9         109     9  2024       436.0
10        101    10  2024       263.5
11        102    10  2024       254.0
12        103    10  2024       339.0
13        104    10  2024       346.0
14        105    10  2024       355.0
15        106    10  2024       255.0
16        107    10  2024       360.0
17        108    10  2024       261.0
18        109    10  2024       423.5
19        110    10  2024       408.0
2025-05-23 23:01:39,933-INFO-The actual data is: Empty DataFrame
Columns: [product_id, month, year, total_sales]
Index: []
2025-05-23 23:01:39,934-ERROR-data does not match between expected and actualdata does not match between expected and actual
2025-05-23 23:01:39,942-INFO-mysql connection has been closed..
2025-05-23 23:01:39,946-INFO-Test cases for supplier_data- file availability check has started ....
2025-05-23 23:01:39,947-INFO-Test cases for supplier_data- zero byte size check has started ....
2025-05-23 23:01:39,949-INFO-Test cases for supplier_data- duplicate row check has started ....
2025-05-23 23:01:39,949-ERROR-error while reading the file unsupported file type passed TestData/supplier_data.json
2025-05-23 23:01:39,949-ERROR- error occurred during test Supplier_data.json file has duplicate rows
assert None == True
 +  where None = check_duplicates_rows('TestData/supplier_data.json', 'json')
2025-05-23 23:01:39,958-INFO-Test cases for supplier_data- null value heck has started ....
2025-05-23 23:01:39,958-ERROR-error while reading the file unsupported file type passed TestData/supplier_data.json
2025-05-23 23:01:39,958-ERROR- error occurred during test Supplier_data.json file has some null values
assert None == True
 +  where None = check_duplicates_rows('TestData/supplier_data.json', 'json')
2025-05-23 23:01:39,969-INFO-mysql connection is being established...
2025-05-23 23:01:39,986-INFO-mysql connection has been established...
2025-05-23 23:01:39,987-INFO-Test cases execution for filter Transformation started...
2025-05-23 23:01:40,004-INFO-The expected data is :   sales_id product_id store_id quantity price   sale_date region
0        10        110        4        9  17.0  2024-09-10    Low
1        11        101        4       15  14.0  2024-09-11   High
2        12        102        5        9  27.0  2024-09-12    Low
3        13        103        6       10  22.0  2024-09-13   High
4        14        104        7        8  31.0  2024-09-14    Low
5        15        105        4       12  11.0  2024-09-15   High
6        16        106        5        5  23.0  2024-09-16    Low
7        17        107        6        3  26.0  2024-09-17   High
8        18        108        7        6  28.0  2024-09-18    Low
9        19        109        8       11  20.0  2024-09-19   High
10       20        110        9        9  19.5  2024-09-20    Low
11       21        101        1       14  15.5  2024-09-21   High
12       22        102        2        8  22.0  2024-09-22    Low
13       23        103        3        7  18.0  2024-09-23   High
14       24        104        4        6  25.0  2024-09-24    Low
15       25        105        2       12  13.5  2024-09-25   High
16       26        106        3        5  21.0  2024-09-26    Low
17       27        107        1       10  19.0  2024-09-27   High
18       28        108        5        6  27.0  2024-09-28    Low
19       29        109        6        9  24.0  2024-09-29   High
20       30        110        7        7  23.5  2024-09-30    Low
21       31        101        4       13  14.5  2024-10-01   High
22       32        102        5        6  29.0  2024-10-02    Low
23       33        103        6        8  21.0  2024-10-03   High
24       34        104        7        5  30.0  2024-10-04    Low
25       35        105        4        7  15.0  2024-10-05   High
26       36        106        5        3  25.0  2024-10-06    Low
27       37        107        6       12  18.0  2024-10-07   High
28       38        108        7        9  20.0  2024-10-08    Low
29       39        109        8       10  22.0  2024-10-09   High
30       40        110        9        6  26.0  2024-10-10    Low
31       41        101        3        5  15.0  2024-10-11   High
32       42        102        4        4  20.0  2024-10-12    Low
33       43        103        5        9  19.0  2024-10-13   High
34       44        104        6        7  28.0  2024-10-14    Low
35       45        105        7       10  25.0  2024-10-15   High
36       46        106        8        8  22.5  2024-10-16    Low
37       47        107        9        6  24.0  2024-10-17   High
38       48        108        1        3  27.0  2024-10-18    Low
39       49        109        2       11  18.5  2024-10-19   High
40       50        110        3       12  21.0  2024-10-20    Low
41       60        110        4        9  17.0  2024-09-10    Low
2025-05-23 23:01:40,018-INFO-The actual data is:    sales_id product_id store_id quantity price   sale_date region
0        10        110        4        9  17.0  2024-09-10    Low
1        11        101        4       15  14.0  2024-09-11   High
2        12        102        5        9  27.0  2024-09-12    Low
3        13        103        6       10  22.0  2024-09-13   High
4        14        104        7        8  31.0  2024-09-14    Low
5        15        105        4       12  11.0  2024-09-15   High
6        16        106        5        5  23.0  2024-09-16    Low
7        17        107        6        3  26.0  2024-09-17   High
8        18        108        7        6  28.0  2024-09-18    Low
9        19        109        8       11  20.0  2024-09-19   High
10       20        110        9        9  19.5  2024-09-20    Low
11       21        101        1       14  15.5  2024-09-21   High
12       22        102        2        8  22.0  2024-09-22    Low
13       23        103        3        7  18.0  2024-09-23   High
14       24        104        4        6  25.0  2024-09-24    Low
15       25        105        2       12  13.5  2024-09-25   High
16       26        106        3        5  21.0  2024-09-26    Low
17       27        107        1       10  19.0  2024-09-27   High
18       28        108        5        6  27.0  2024-09-28    Low
19       29        109        6        9  24.0  2024-09-29   High
20       30        110        7        7  23.5  2024-09-30    Low
21       31        101        4       13  14.5  2024-10-01   High
22       32        102        5        6  29.0  2024-10-02    Low
23       33        103        6        8  21.0  2024-10-03   High
24       34        104        7        5  30.0  2024-10-04    Low
25       35        105        4        7  15.0  2024-10-05   High
26       36        106        5        3  25.0  2024-10-06    Low
27       37        107        6       12  18.0  2024-10-07   High
28       38        108        7        9  20.0  2024-10-08    Low
29       39        109        8       10  22.0  2024-10-09   High
30       40        110        9        6  26.0  2024-10-10    Low
31       41        101        3        5  15.0  2024-10-11   High
32       42        102        4        4  20.0  2024-10-12    Low
33       43        103        5        9  19.0  2024-10-13   High
34       44        104        6        7  28.0  2024-10-14    Low
35       45        105        7       10  25.0  2024-10-15   High
36       46        106        8        8  22.5  2024-10-16    Low
37       47        107        9        6  24.0  2024-10-17   High
38       48        108        1        3  27.0  2024-10-18    Low
39       49        109        2       11  18.5  2024-10-19   High
40       50        110        3       12  21.0  2024-10-20    Low
41       60        110        4        9  17.0  2024-09-10    Low
2025-05-23 23:01:40,020-INFO-mysql connection has been closed..
2025-05-23 23:01:40,022-INFO-mysql connection is being established...
2025-05-23 23:01:40,034-INFO-mysql connection has been established...
2025-05-23 23:01:40,034-INFO-Test cases execution for Router_Low transformation has started ....
2025-05-23 23:01:40,052-INFO-The expected data is :   sales_id product_id store_id quantity price   sale_date region
0        10        110        4        9  17.0  2024-09-10    Low
1        12        102        5        9  27.0  2024-09-12    Low
2        14        104        7        8  31.0  2024-09-14    Low
3        16        106        5        5  23.0  2024-09-16    Low
4        18        108        7        6  28.0  2024-09-18    Low
5        20        110        9        9  19.5  2024-09-20    Low
6        22        102        2        8  22.0  2024-09-22    Low
7        24        104        4        6  25.0  2024-09-24    Low
8        26        106        3        5  21.0  2024-09-26    Low
9        28        108        5        6  27.0  2024-09-28    Low
10       30        110        7        7  23.5  2024-09-30    Low
11       32        102        5        6  29.0  2024-10-02    Low
12       34        104        7        5  30.0  2024-10-04    Low
13       36        106        5        3  25.0  2024-10-06    Low
14       38        108        7        9  20.0  2024-10-08    Low
15       40        110        9        6  26.0  2024-10-10    Low
16       42        102        4        4  20.0  2024-10-12    Low
17       44        104        6        7  28.0  2024-10-14    Low
18       46        106        8        8  22.5  2024-10-16    Low
19       48        108        1        3  27.0  2024-10-18    Low
20       50        110        3       12  21.0  2024-10-20    Low
21       60        110        4        9  17.0  2024-09-10    Low
2025-05-23 23:01:40,061-INFO-The actual data is:    sales_id product_id store_id quantity price   sale_date region
0        10        110        4        9  17.0  2024-09-10    Low
1        12        102        5        9  27.0  2024-09-12    Low
2        14        104        7        8  31.0  2024-09-14    Low
3        16        106        5        5  23.0  2024-09-16    Low
4        18        108        7        6  28.0  2024-09-18    Low
5        20        110        9        9  19.5  2024-09-20    Low
6        22        102        2        8  22.0  2024-09-22    Low
7        24        104        4        6  25.0  2024-09-24    Low
8        26        106        3        5  21.0  2024-09-26    Low
9        28        108        5        6  27.0  2024-09-28    Low
10       30        110        7        7  23.5  2024-09-30    Low
11       32        102        5        6  29.0  2024-10-02    Low
12       34        104        7        5  30.0  2024-10-04    Low
13       36        106        5        3  25.0  2024-10-06    Low
14       38        108        7        9  20.0  2024-10-08    Low
15       40        110        9        6  26.0  2024-10-10    Low
16       42        102        4        4  20.0  2024-10-12    Low
17       44        104        6        7  28.0  2024-10-14    Low
18       46        106        8        8  22.5  2024-10-16    Low
19       48        108        1        3  27.0  2024-10-18    Low
20       50        110        3       12  21.0  2024-10-20    Low
21       60        110        4        9  17.0  2024-09-10    Low
2025-05-23 23:01:40,063-INFO-mysql connection has been closed..
2025-05-23 23:01:40,067-INFO-mysql connection is being established...
2025-05-23 23:01:40,075-INFO-mysql connection has been established...
2025-05-23 23:01:40,076-INFO-Test cases execution for Router_High transformation has started ....
2025-05-23 23:01:40,087-INFO-The expected data is :   sales_id product_id store_id quantity price   sale_date region
0        11        101        4       15  14.0  2024-09-11   High
1        13        103        6       10  22.0  2024-09-13   High
2        15        105        4       12  11.0  2024-09-15   High
3        17        107        6        3  26.0  2024-09-17   High
4        19        109        8       11  20.0  2024-09-19   High
5        21        101        1       14  15.5  2024-09-21   High
6        23        103        3        7  18.0  2024-09-23   High
7        25        105        2       12  13.5  2024-09-25   High
8        27        107        1       10  19.0  2024-09-27   High
9        29        109        6        9  24.0  2024-09-29   High
10       31        101        4       13  14.5  2024-10-01   High
11       33        103        6        8  21.0  2024-10-03   High
12       35        105        4        7  15.0  2024-10-05   High
13       37        107        6       12  18.0  2024-10-07   High
14       39        109        8       10  22.0  2024-10-09   High
15       41        101        3        5  15.0  2024-10-11   High
16       43        103        5        9  19.0  2024-10-13   High
17       45        105        7       10  25.0  2024-10-15   High
18       47        107        9        6  24.0  2024-10-17   High
19       49        109        2       11  18.5  2024-10-19   High
2025-05-23 23:01:40,098-INFO-The actual data is:    sales_id product_id store_id quantity price   sale_date region
0        11        101        4       15  14.0  2024-09-11   High
1        13        103        6       10  22.0  2024-09-13   High
2        15        105        4       12  11.0  2024-09-15   High
3        17        107        6        3  26.0  2024-09-17   High
4        19        109        8       11  20.0  2024-09-19   High
5        21        101        1       14  15.5  2024-09-21   High
6        23        103        3        7  18.0  2024-09-23   High
7        25        105        2       12  13.5  2024-09-25   High
8        27        107        1       10  19.0  2024-09-27   High
9        29        109        6        9  24.0  2024-09-29   High
10       31        101        4       13  14.5  2024-10-01   High
11       33        103        6        8  21.0  2024-10-03   High
12       35        105        4        7  15.0  2024-10-05   High
13       37        107        6       12  18.0  2024-10-07   High
14       39        109        8       10  22.0  2024-10-09   High
15       41        101        3        5  15.0  2024-10-11   High
16       43        103        5        9  19.0  2024-10-13   High
17       45        105        7       10  25.0  2024-10-15   High
18       47        107        9        6  24.0  2024-10-17   High
19       49        109        2       11  18.5  2024-10-19   High
2025-05-23 23:01:40,100-INFO-mysql connection has been closed..
